<?xml version="1.0" encoding="UTF-8"?>
<testng-results skipped="0" failed="0" total="1" passed="1">
  <reporter-output>
  </reporter-output>
  <suite name="Default suite" duration-ms="16921" started-at="2013-03-28T12:03:37Z" finished-at="2013-03-28T12:03:54Z">
    <groups>
    </groups>
    <test name="Default test" duration-ms="16921" started-at="2013-03-28T12:03:37Z" finished-at="2013-03-28T12:03:54Z">
      <class name="com.saba.report.TestReport">
        <test-method status="PASS" signature="testExistingReport()[pri:0, instance:com.saba.report.TestReport@15ee671]" name="testExistingReport" duration-ms="16828" started-at="2013-03-28T17:33:38Z" finished-at="2013-03-28T17:33:54Z">
          <reporter-output>
          </reporter-output>
        </test-method> <!-- testExistingReport -->
      </class> <!-- com.saba.report.TestReport -->
    </test> <!-- Default test -->
  </suite> <!-- Default suite -->
</testng-results>
